<?xml version="1.0" encoding="UTF-8"?>
<testng-results ignored="0" total="4" passed="3" failed="1" skipped="0">
  <reporter-output>
  </reporter-output>
  <suite started-at="2021-09-14T14:32:21 IST" name="Default suite" finished-at="2021-09-14T14:33:56 IST" duration-ms="95598">
    <groups>
    </groups>
    <test started-at="2021-09-14T14:32:21 IST" name="Default test" finished-at="2021-09-14T14:33:56 IST" duration-ms="95598">
      <class name="myproject.completeQuiz.QualicoachHome">
        <test-method is-config="true" signature="launchBrowser()[pri:0, instance:myproject.completeQuiz.QualicoachHome@5f9be66c]" started-at="2021-09-14T14:32:21 IST" name="launchBrowser" finished-at="2021-09-14T14:32:34 IST" duration-ms="13052" status="PASS">
          <reporter-output>
          </reporter-output>
        </test-method> <!-- launchBrowser -->
        <test-method signature="BadgeAndFeedback()[pri:0, instance:myproject.completeQuiz.QualicoachHome@5f9be66c]" started-at="2021-09-14T14:32:34 IST" name="BadgeAndFeedback" finished-at="2021-09-14T14:32:54 IST" duration-ms="20033" status="FAIL">
          <exception class="org.openqa.selenium.NoSuchElementException">
            <message>
              <![CDATA[no such element: Unable to locate element: {"method":"xpath","selector":"//li[@class='allsectionnames'] //a[contains(text(),'Module 6')]"}
  (Session info: chrome=93.0.4577.63)
For documentation on this error, please visit: https://www.seleniumhq.org/exceptions/no_such_element.html
Build info: version: '3.141.59', revision: 'e82be7d358', time: '2018-11-14T08:17:03'
System info: host: 'LAPTOP-0OGMJ3E4', ip: '192.168.43.64', os.name: 'Windows 10', os.arch: 'amd64', os.version: '10.0', java.version: '16.0.2'
Driver info: org.openqa.selenium.chrome.ChromeDriver
Capabilities {acceptInsecureCerts: false, browserName: chrome, browserVersion: 93.0.4577.63, chrome: {chromedriverVersion: 92.0.4515.107 (87a818b10553..., userDataDir: C:\Users\darsh\AppData\Loca...}, goog:chromeOptions: {debuggerAddress: localhost:54871}, javascriptEnabled: true, networkConnectionEnabled: false, pageLoadStrategy: normal, platform: WINDOWS, platformName: WINDOWS, proxy: Proxy(), setWindowRect: true, strictFileInteractability: false, timeouts: {implicit: 0, pageLoad: 300000, script: 30000}, unhandledPromptBehavior: dismiss and notify, webauthn:extension:credBlob: true, webauthn:extension:largeBlob: true, webauthn:virtualAuthenticators: true}
Session ID: 962caa9de4d67212ca0e1fcd896ea0a3
*** Element info: {Using=xpath, value=//li[@class='allsectionnames'] //a[contains(text(),'Module 6')]}]]>
            </message>
            <full-stacktrace>
              <![CDATA[org.openqa.selenium.NoSuchElementException: no such element: Unable to locate element: {"method":"xpath","selector":"//li[@class='allsectionnames'] //a[contains(text(),'Module 6')]"}
  (Session info: chrome=93.0.4577.63)
For documentation on this error, please visit: https://www.seleniumhq.org/exceptions/no_such_element.html
Build info: version: '3.141.59', revision: 'e82be7d358', time: '2018-11-14T08:17:03'
System info: host: 'LAPTOP-0OGMJ3E4', ip: '192.168.43.64', os.name: 'Windows 10', os.arch: 'amd64', os.version: '10.0', java.version: '16.0.2'
Driver info: org.openqa.selenium.chrome.ChromeDriver
Capabilities {acceptInsecureCerts: false, browserName: chrome, browserVersion: 93.0.4577.63, chrome: {chromedriverVersion: 92.0.4515.107 (87a818b10553..., userDataDir: C:\Users\darsh\AppData\Loca...}, goog:chromeOptions: {debuggerAddress: localhost:54871}, javascriptEnabled: true, networkConnectionEnabled: false, pageLoadStrategy: normal, platform: WINDOWS, platformName: WINDOWS, proxy: Proxy(), setWindowRect: true, strictFileInteractability: false, timeouts: {implicit: 0, pageLoad: 300000, script: 30000}, unhandledPromptBehavior: dismiss and notify, webauthn:extension:credBlob: true, webauthn:extension:largeBlob: true, webauthn:virtualAuthenticators: true}
Session ID: 962caa9de4d67212ca0e1fcd896ea0a3
*** Element info: {Using=xpath, value=//li[@class='allsectionnames'] //a[contains(text(),'Module 6')]}
at java.base/jdk.internal.reflect.NativeConstructorAccessorImpl.newInstance0(Native Method)
at java.base/jdk.internal.reflect.NativeConstructorAccessorImpl.newInstance(NativeConstructorAccessorImpl.java:78)
at java.base/jdk.internal.reflect.DelegatingConstructorAccessorImpl.newInstance(DelegatingConstructorAccessorImpl.java:45)
at java.base/java.lang.reflect.Constructor.newInstanceWithCaller(Constructor.java:499)
at java.base/java.lang.reflect.Constructor.newInstance(Constructor.java:480)
at org.openqa.selenium.remote.http.W3CHttpResponseCodec.createException(W3CHttpResponseCodec.java:187)
at org.openqa.selenium.remote.http.W3CHttpResponseCodec.decode(W3CHttpResponseCodec.java:122)
at org.openqa.selenium.remote.http.W3CHttpResponseCodec.decode(W3CHttpResponseCodec.java:49)
at org.openqa.selenium.remote.HttpCommandExecutor.execute(HttpCommandExecutor.java:158)
at org.openqa.selenium.remote.service.DriverCommandExecutor.execute(DriverCommandExecutor.java:83)
at org.openqa.selenium.remote.RemoteWebDriver.execute(RemoteWebDriver.java:552)
at org.openqa.selenium.remote.RemoteWebDriver.findElement(RemoteWebDriver.java:323)
at org.openqa.selenium.remote.RemoteWebDriver.findElementByXPath(RemoteWebDriver.java:428)
at org.openqa.selenium.By$ByXPath.findElement(By.java:353)
at org.openqa.selenium.remote.RemoteWebDriver.findElement(RemoteWebDriver.java:315)
at pageObjects.BadgeDownload.closeModule(BadgeDownload.java:19)
at myproject.completeQuiz.QualicoachHome.BadgeAndFeedback(QualicoachHome.java:80)
at java.base/jdk.internal.reflect.NativeMethodAccessorImpl.invoke0(Native Method)
at java.base/jdk.internal.reflect.NativeMethodAccessorImpl.invoke(NativeMethodAccessorImpl.java:78)
at java.base/jdk.internal.reflect.DelegatingMethodAccessorImpl.invoke(DelegatingMethodAccessorImpl.java:43)
at java.base/java.lang.reflect.Method.invoke(Method.java:567)
at org.testng.internal.MethodInvocationHelper.invokeMethod(MethodInvocationHelper.java:133)
at org.testng.internal.TestInvoker.invokeMethod(TestInvoker.java:598)
at org.testng.internal.TestInvoker.invokeTestMethod(TestInvoker.java:173)
at org.testng.internal.MethodRunner.runInSequence(MethodRunner.java:46)
at org.testng.internal.TestInvoker$MethodInvocationAgent.invoke(TestInvoker.java:824)
at org.testng.internal.TestInvoker.invokeTestMethods(TestInvoker.java:146)
at org.testng.internal.TestMethodWorker.invokeTestMethods(TestMethodWorker.java:146)
at org.testng.internal.TestMethodWorker.run(TestMethodWorker.java:128)
at java.base/java.util.ArrayList.forEach(ArrayList.java:1511)
at org.testng.TestRunner.privateRun(TestRunner.java:794)
at org.testng.TestRunner.run(TestRunner.java:596)
at org.testng.SuiteRunner.runTest(SuiteRunner.java:377)
at org.testng.SuiteRunner.runSequentially(SuiteRunner.java:371)
at org.testng.SuiteRunner.privateRun(SuiteRunner.java:332)
at org.testng.SuiteRunner.run(SuiteRunner.java:276)
at org.testng.SuiteRunnerWorker.runSuite(SuiteRunnerWorker.java:53)
at org.testng.SuiteRunnerWorker.run(SuiteRunnerWorker.java:96)
at org.testng.TestNG.runSuitesSequentially(TestNG.java:1212)
at org.testng.TestNG.runSuitesLocally(TestNG.java:1134)
at org.testng.TestNG.runSuites(TestNG.java:1063)
at org.testng.TestNG.run(TestNG.java:1031)
at org.testng.remote.AbstractRemoteTestNG.run(AbstractRemoteTestNG.java:115)
at org.testng.remote.RemoteTestNG.initAndRun(RemoteTestNG.java:251)
at org.testng.remote.RemoteTestNG.main(RemoteTestNG.java:77)
]]>
            </full-stacktrace>
          </exception> <!-- org.openqa.selenium.NoSuchElementException -->
          <reporter-output>
          </reporter-output>
        </test-method> <!-- BadgeAndFeedback -->
        <test-method signature="Quizmodule()[pri:0, instance:myproject.completeQuiz.QualicoachHome@5f9be66c]" started-at="2021-09-14T14:32:54 IST" name="Quizmodule" finished-at="2021-09-14T14:32:59 IST" duration-ms="4704" status="PASS">
          <reporter-output>
          </reporter-output>
        </test-method> <!-- Quizmodule -->
        <test-method signature="navigationPage(java.lang.String,java.lang.String)[pri:0, instance:myproject.completeQuiz.QualicoachHome@5f9be66c]" started-at="2021-09-14T14:32:59 IST" name="navigationPage" data-provider="getData" finished-at="2021-09-14T14:33:33 IST" duration-ms="34256" status="PASS">
          <params>
            <param index="0">
              <value>
                <![CDATA[user153]]>
              </value>
            </param>
            <param index="1">
              <value>
                <![CDATA[User@9135]]>
              </value>
            </param>
          </params>
          <reporter-output>
          </reporter-output>
        </test-method> <!-- navigationPage -->
        <test-method signature="selectCourse()[pri:0, instance:myproject.completeQuiz.QualicoachHome@5f9be66c]" started-at="2021-09-14T14:33:33 IST" name="selectCourse" finished-at="2021-09-14T14:33:56 IST" duration-ms="23438" status="PASS">
          <reporter-output>
          </reporter-output>
        </test-method> <!-- selectCourse -->
        <test-method is-config="true" signature="kill()[pri:0, instance:myproject.completeQuiz.QualicoachHome@5f9be66c]" started-at="2021-09-14T14:33:56 IST" name="kill" finished-at="2021-09-14T14:33:56 IST" duration-ms="74" status="PASS">
          <reporter-output>
          </reporter-output>
        </test-method> <!-- kill -->
      </class> <!-- myproject.completeQuiz.QualicoachHome -->
    </test> <!-- Default test -->
  </suite> <!-- Default suite -->
</testng-results>
